<?xml version="1.0" encoding="UTF-8"?>
<!-- Generated by org.testng.reporters.JUnitReportReporter -->
<testsuite hostname="LAPTOP-KFK9388M" failures="0" tests="7" name="testCase.DemoTest" time="194.718" errors="0" timestamp="2023-01-20T12:58:38 IST" skipped="0">
  <testcase classname="testCase.DemoTest" name="getPageTest" time="29.345"/>
  <system-out/>
  <testcase classname="testCase.DemoTest" name="getPageTest" time="27.133"/>
  <system-out/>
  <testcase classname="testCase.DemoTest" name="getPageTest" time="28.667"/>
  <system-out/>
  <testcase classname="testCase.DemoTest" name="getPageTest" time="28.391"/>
  <system-out/>
  <testcase classname="testCase.DemoTest" name="getPageTest" time="28.228"/>
  <system-out/>
  <testcase classname="testCase.DemoTest" name="getPageTest" time="27.583"/>
  <system-out/>
  <testcase classname="testCase.DemoTest" name="getPageTest" time="25.371"/>
  <system-out/>
</testsuite> <!-- testCase.DemoTest -->
