<?xml version="1.0" encoding="UTF-8"?>
<!-- Generated by org.testng.reporters.JUnitReportReporter -->
<testsuite hostname="LAPTOP-KFK9388M" failures="0" tests="7" name="testCase.LoginValidation" time="53.026" errors="0" timestamp="2023-01-24T13:05:24 IST" skipped="0">
  <testcase classname="testCase.LoginValidation" name="getPageTest" time="7.889"/>
  <system-out/>
  <testcase classname="testCase.LoginValidation" name="getPageTest" time="7.928"/>
  <system-out/>
  <testcase classname="testCase.LoginValidation" name="getPageTest" time="4.393"/>
  <system-out/>
  <testcase classname="testCase.LoginValidation" name="getPageTest" time="8.205"/>
  <system-out/>
  <testcase classname="testCase.LoginValidation" name="getPageTest" time="6.490"/>
  <system-out/>
  <testcase classname="testCase.LoginValidation" name="getPageTest" time="8.016"/>
  <system-out/>
  <testcase classname="testCase.LoginValidation" name="getPageTest" time="10.105"/>
  <system-out/>
</testsuite> <!-- testCase.LoginValidation -->
