<?xml version="1.0" encoding="UTF-8"?>
<!-- Generated by org.testng.reporters.JUnitReportReporter -->
<testsuite hostname="LAPTOP-KFK9388M" failures="0" tests="1" name="testCase.Login" time="68.025" errors="0" timestamp="2023-01-20T12:42:41 IST" skipped="0">
  <testcase classname="testCase.Login" name="TestCase1" time="68.025"/>
  <system-out/>
</testsuite> <!-- testCase.Login -->
