<?xml version="1.0" encoding="UTF-8"?>
<!-- Generated by org.testng.reporters.JUnitReportReporter -->
<testsuite hostname="LAPTOP-KFK9388M" failures="0" tests="1" name="reusableComponents.ReadDataFromExcel" time="1.585" errors="0" timestamp="2023-01-01T01:06:38 IST" skipped="0">
  <testcase classname="reusableComponents.ReadDataFromExcel" name="run" time="1.585"/>
  <system-out/>
</testsuite> <!-- reusableComponents.ReadDataFromExcel -->
