<?xml version="1.0" encoding="UTF-8"?>
<!-- Generated by org.testng.reporters.JUnitReportReporter -->
<testsuite hostname="LAPTOP-KFK9388M" failures="0" tests="7" name="testCase.ReadExcelHash" time="0.023" errors="0" timestamp="2023-01-03T11:31:43 IST" skipped="0">
  <testcase classname="testCase.ReadExcelHash" name="run" time="0.002"/>
  <system-out/>
  <testcase classname="testCase.ReadExcelHash" name="run" time="0.002"/>
  <system-out/>
  <testcase classname="testCase.ReadExcelHash" name="run" time="0.002"/>
  <system-out/>
  <testcase classname="testCase.ReadExcelHash" name="run" time="0.002"/>
  <system-out/>
  <testcase classname="testCase.ReadExcelHash" name="run" time="0.003"/>
  <system-out/>
  <testcase classname="testCase.ReadExcelHash" name="run" time="0.002"/>
  <system-out/>
  <testcase classname="testCase.ReadExcelHash" name="run" time="0.010"/>
  <system-out/>
</testsuite> <!-- testCase.ReadExcelHash -->
