<?xml version="1.0" encoding="UTF-8"?>
<!-- Generated by org.testng.reporters.JUnitReportReporter -->
<testsuite hostname="LAPTOP-KFK9388M" failures="0" tests="6" name="testCase.LoginPageErrorMessage" time="131.117" errors="0" timestamp="2023-05-18T21:12:32 IST" skipped="0">
  <testcase classname="testCase.LoginPageErrorMessage" name="verifyLoginMessage" time="13.251"/>
  <system-out/>
  <testcase classname="testCase.LoginPageErrorMessage" name="verifyLoginMessage" time="35.180"/>
  <system-out/>
  <testcase classname="testCase.LoginPageErrorMessage" name="verifyLoginMessage" time="12.835"/>
  <system-out/>
  <testcase classname="testCase.LoginPageErrorMessage" name="verifyLoginMessage" time="17.028"/>
  <system-out/>
  <testcase classname="testCase.LoginPageErrorMessage" name="verifyLoginMessage" time="35.701"/>
  <system-out/>
  <testcase classname="testCase.LoginPageErrorMessage" name="verifyLoginMessage" time="17.122"/>
  <system-out/>
</testsuite> <!-- testCase.LoginPageErrorMessage -->
