<?xml version="1.0" encoding="UTF-8"?>
<!-- Generated by org.testng.reporters.JUnitReportReporter -->
<testsuite hostname="LAPTOP-KFK9388M" failures="0" tests="2" name="testCase.cartPageTest" time="29.792" errors="0" timestamp="2023-01-26T22:29:32 IST" skipped="0">
  <testcase classname="testCase.cartPageTest" name="TestCase1" time="15.330"/>
  <system-out/>
  <testcase classname="testCase.cartPageTest" name="TestCase1" time="14.462"/>
  <system-out/>
</testsuite> <!-- testCase.cartPageTest -->
