<?xml version="1.0" encoding="UTF-8"?>
<!-- Generated by org.testng.reporters.JUnitReportReporter -->
<testsuite hostname="LAPTOP-KFK9388M" failures="0" tests="7" name="testCase.DemoTest" time="152.650" errors="0" timestamp="2023-01-20T22:54:23 IST" skipped="0">
  <testcase classname="testCase.DemoTest" name="getPageTest" time="22.055"/>
  <system-out/>
  <testcase classname="testCase.DemoTest" name="getPageTest" time="17.152"/>
  <system-out/>
  <testcase classname="testCase.DemoTest" name="getPageTest" time="27.435"/>
  <system-out/>
  <testcase classname="testCase.DemoTest" name="getPageTest" time="22.030"/>
  <system-out/>
  <testcase classname="testCase.DemoTest" name="getPageTest" time="20.280"/>
  <system-out/>
  <testcase classname="testCase.DemoTest" name="getPageTest" time="25.413"/>
  <system-out/>
  <testcase classname="testCase.DemoTest" name="getPageTest" time="18.285"/>
  <system-out/>
</testsuite> <!-- testCase.DemoTest -->
