<?xml version="1.0" encoding="UTF-8"?>
<!-- Generated by org.testng.reporters.JUnitReportReporter -->
<testsuite hostname="LAPTOP-KFK9388M" failures="0" tests="2" name="testCase.cartPageTest" time="26.835" errors="0" timestamp="2023-01-26T16:41:29 IST" skipped="0">
  <testcase classname="testCase.cartPageTest" name="TestCase1" time="13.905"/>
  <system-out/>
  <testcase classname="testCase.cartPageTest" name="TestCase1" time="12.930"/>
  <system-out/>
</testsuite> <!-- testCase.cartPageTest -->
